{"message":"awais ki marzi","stack":"Error: awais ki marzi\n    at D:\\Semester-6\\WEB\\11- Handling and Logging Errors\\before\\vidly\\routes\\genres.js:9:8\n    at newFn (D:\\Semester-6\\WEB\\11- Handling and Logging Errors\\before\\vidly\\node_modules\\express-async-errors\\index.js:16:20)\n    at Layer.handle [as handle_request] (D:\\Semester-6\\WEB\\11- Handling and Logging Errors\\before\\vidly\\node_modules\\express\\lib\\router\\layer.js:95:5)\n    at next (D:\\Semester-6\\WEB\\11- Handling and Logging Errors\\before\\vidly\\node_modules\\express\\lib\\router\\route.js:137:13)\n    at Route.dispatch (D:\\Semester-6\\WEB\\11- Handling and Logging Errors\\before\\vidly\\node_modules\\express\\lib\\router\\route.js:112:3)\n    at newFn (D:\\Semester-6\\WEB\\11- Handling and Logging Errors\\before\\vidly\\node_modules\\express-async-errors\\index.js:16:20)\n    at Layer.handle [as handle_request] (D:\\Semester-6\\WEB\\11- Handling and Logging Errors\\before\\vidly\\node_modules\\express\\lib\\router\\layer.js:95:5)\n    at D:\\Semester-6\\WEB\\11- Handling and Logging Errors\\before\\vidly\\node_modules\\express\\lib\\router\\index.js:281:22\n    at Function.process_params (D:\\Semester-6\\WEB\\11- Handling and Logging Errors\\before\\vidly\\node_modules\\express\\lib\\router\\index.js:335:12)\n    at next (D:\\Semester-6\\WEB\\11- Handling and Logging Errors\\before\\vidly\\node_modules\\express\\lib\\router\\index.js:275:10)\n    at Function.handle (D:\\Semester-6\\WEB\\11- Handling and Logging Errors\\before\\vidly\\node_modules\\express\\lib\\router\\index.js:174:3)\n    at router (D:\\Semester-6\\WEB\\11- Handling and Logging Errors\\before\\vidly\\node_modules\\express\\lib\\router\\index.js:47:12)\n    at newFn (D:\\Semester-6\\WEB\\11- Handling and Logging Errors\\before\\vidly\\node_modules\\express-async-errors\\index.js:16:20)\n    at Layer.handle [as handle_request] (D:\\Semester-6\\WEB\\11- Handling and Logging Errors\\before\\vidly\\node_modules\\express\\lib\\router\\layer.js:95:5)\n    at trim_prefix (D:\\Semester-6\\WEB\\11- Handling and Logging Errors\\before\\vidly\\node_modules\\express\\lib\\router\\index.js:317:13)\n    at D:\\Semester-6\\WEB\\11- Handling and Logging Errors\\before\\vidly\\node_modules\\express\\lib\\router\\index.js:284:7","level":"error","timestamp":"2020-11-22T19:59:24.651Z"}
{"message":"awais ki marzi","stack":"Error: awais ki marzi\n    at D:\\Semester-6\\WEB\\11- Handling and Logging Errors\\before\\vidly\\routes\\genres.js:9:8\n    at newFn (D:\\Semester-6\\WEB\\11- Handling and Logging Errors\\before\\vidly\\node_modules\\express-async-errors\\index.js:16:20)\n    at Layer.handle [as handle_request] (D:\\Semester-6\\WEB\\11- Handling and Logging Errors\\before\\vidly\\node_modules\\express\\lib\\router\\layer.js:95:5)\n    at next (D:\\Semester-6\\WEB\\11- Handling and Logging Errors\\before\\vidly\\node_modules\\express\\lib\\router\\route.js:137:13)\n    at Route.dispatch (D:\\Semester-6\\WEB\\11- Handling and Logging Errors\\before\\vidly\\node_modules\\express\\lib\\router\\route.js:112:3)\n    at newFn (D:\\Semester-6\\WEB\\11- Handling and Logging Errors\\before\\vidly\\node_modules\\express-async-errors\\index.js:16:20)\n    at Layer.handle [as handle_request] (D:\\Semester-6\\WEB\\11- Handling and Logging Errors\\before\\vidly\\node_modules\\express\\lib\\router\\layer.js:95:5)\n    at D:\\Semester-6\\WEB\\11- Handling and Logging Errors\\before\\vidly\\node_modules\\express\\lib\\router\\index.js:281:22\n    at Function.process_params (D:\\Semester-6\\WEB\\11- Handling and Logging Errors\\before\\vidly\\node_modules\\express\\lib\\router\\index.js:335:12)\n    at next (D:\\Semester-6\\WEB\\11- Handling and Logging Errors\\before\\vidly\\node_modules\\express\\lib\\router\\index.js:275:10)\n    at Function.handle (D:\\Semester-6\\WEB\\11- Handling and Logging Errors\\before\\vidly\\node_modules\\express\\lib\\router\\index.js:174:3)\n    at router (D:\\Semester-6\\WEB\\11- Handling and Logging Errors\\before\\vidly\\node_modules\\express\\lib\\router\\index.js:47:12)\n    at newFn (D:\\Semester-6\\WEB\\11- Handling and Logging Errors\\before\\vidly\\node_modules\\express-async-errors\\index.js:16:20)\n    at Layer.handle [as handle_request] (D:\\Semester-6\\WEB\\11- Handling and Logging Errors\\before\\vidly\\node_modules\\express\\lib\\router\\layer.js:95:5)\n    at trim_prefix (D:\\Semester-6\\WEB\\11- Handling and Logging Errors\\before\\vidly\\node_modules\\express\\lib\\router\\index.js:317:13)\n    at D:\\Semester-6\\WEB\\11- Handling and Logging Errors\\before\\vidly\\node_modules\\express\\lib\\router\\index.js:284:7","level":"error","timestamp":"2020-11-23T08:54:05.799Z"}
{"message":"awais ki marzi","stack":"Error: awais ki marzi\n    at Object.<anonymous> (D:\\Semester-6\\WEB\\11- Handling and Logging Errors\\before\\vidly\\index.js:37:7)\n    at Module._compile (internal/modules/cjs/loader.js:1138:30)\n    at Object.Module._extensions..js (internal/modules/cjs/loader.js:1158:10)\n    at Module.load (internal/modules/cjs/loader.js:986:32)\n    at Function.Module._load (internal/modules/cjs/loader.js:879:14)\n    at Function.executeUserEntryPoint [as runMain] (internal/modules/run_main.js:71:12)\n    at internal/main/run_main_module.js:17:47","level":"error","timestamp":"2020-11-23T09:00:42.053Z"}
{"message":"something garbar in promises","stack":"Error: something garbar in promises\n    at Object.<anonymous> (D:\\Semester-6\\WEB\\11- Handling and Logging Errors\\before\\vidly\\index.js:30:26)\n    at Module._compile (internal/modules/cjs/loader.js:1138:30)\n    at Object.Module._extensions..js (internal/modules/cjs/loader.js:1158:10)\n    at Module.load (internal/modules/cjs/loader.js:986:32)\n    at Function.Module._load (internal/modules/cjs/loader.js:879:14)\n    at Function.executeUserEntryPoint [as runMain] (internal/modules/run_main.js:71:12)\n    at internal/main/run_main_module.js:17:47","level":"error","timestamp":"2020-11-23T09:26:26.792Z"}
{"level":"info","message":"Connected to MongoDB...","timestamp":"2020-11-23T10:04:24.770Z"}
{"level":"info","message":"Connected to MongoDB...","timestamp":"2020-11-23T10:58:07.706Z"}
{"level":"info","message":"Listening on port 3000...","timestamp":"2020-11-23T19:56:05.525Z"}
{"level":"info","message":"Connected to MongoDB...","timestamp":"2020-11-23T19:56:07.557Z"}
{"level":"info","message":"Listening on port 3000...","timestamp":"2020-11-23T20:09:42.859Z"}
{"level":"info","message":"Connected to MongoDB...","timestamp":"2020-11-23T20:09:44.881Z"}
{"level":"info","message":"Listening on port 3000...","timestamp":"2020-11-23T20:12:00.291Z"}
{"level":"info","message":"Connected to MongoDB...","timestamp":"2020-11-23T20:12:02.316Z"}
{"level":"info","message":"Listening on port 3000...","timestamp":"2020-11-23T20:13:09.358Z"}
{"level":"info","message":"Connected to MongoDB...","timestamp":"2020-11-23T20:13:11.394Z"}
{"level":"info","message":"Listening on port 3000...","timestamp":"2020-11-24T18:46:44.302Z"}
{"level":"info","message":"Connected to MongoDB...","timestamp":"2020-11-24T18:46:46.415Z"}
{"level":"info","message":"Listening on port 3000...","timestamp":"2020-11-25T09:00:47.552Z"}
{"level":"info","message":"Connected to MongoDB...","timestamp":"2020-11-25T09:00:49.585Z"}
{"level":"info","message":"Listening on port 3000...","timestamp":"2020-11-25T10:38:38.741Z"}
{"level":"info","message":"Connected to MongoDB...","timestamp":"2020-11-25T10:38:39.797Z"}
{"level":"info","message":"Listening on port 3000...","timestamp":"2020-11-25T10:38:49.981Z"}
{"level":"info","message":"Connected to MongoDB...","timestamp":"2020-11-25T10:38:50.628Z"}
{"level":"info","message":"Listening on port 3000...","timestamp":"2020-11-25T10:39:34.797Z"}
{"level":"info","message":"Connected to MongoDB...","timestamp":"2020-11-25T10:39:36.841Z"}
{"level":"info","message":"Listening on port 3000...","timestamp":"2020-11-25T10:39:46.244Z"}
{"level":"info","message":"Connected to MongoDB...","timestamp":"2020-11-25T10:39:47.186Z"}
{"level":"info","message":"Listening on port 3000...","timestamp":"2020-11-25T10:39:52.930Z"}
{"level":"info","message":"Connected to MongoDB...","timestamp":"2020-11-25T10:39:53.570Z"}
{"level":"info","message":"Listening on port 3000...","timestamp":"2020-11-25T10:39:56.656Z"}
{"level":"info","message":"Connected to MongoDB...","timestamp":"2020-11-25T10:39:57.245Z"}
{"level":"info","message":"Listening on port 3000...","timestamp":"2020-11-25T10:40:02.037Z"}
{"level":"info","message":"Connected to MongoDB...","timestamp":"2020-11-25T10:40:02.656Z"}
{"level":"info","message":"Listening on port 3000...","timestamp":"2020-11-25T10:40:06.285Z"}
{"level":"info","message":"Connected to MongoDB...","timestamp":"2020-11-25T10:40:06.927Z"}
